<?xml version="1.0" encoding="UTF-8"?>
<coverage generated="1620261767287" clover="3.2.0">
  <project timestamp="1620261767287" name="All files">
    <metrics statements="69" coveredstatements="69" conditionals="19" coveredconditionals="19" methods="13" coveredmethods="13" elements="101" coveredelements="101" complexity="0" loc="69" ncloc="69" packages="1" files="1" classes="1"/>
    <file name="LinkedList.js" path="/Users/mainfolder/Desktop/Practices/dailyPractice/practiceFolder/AlgorithmsDataStructures/DataStructures/LinkedList.js">
      <metrics statements="69" coveredstatements="69" conditionals="19" coveredconditionals="19" methods="13" coveredmethods="13"/>
      <line num="3" count="64" type="stmt"/>
      <line num="4" count="64" type="stmt"/>
      <line num="10" count="18" type="stmt"/>
      <line num="11" count="18" type="stmt"/>
      <line num="15" count="61" type="stmt"/>
      <line num="16" count="61" type="stmt"/>
      <line num="17" count="61" type="stmt"/>
      <line num="21" count="22" type="cond" truecount="4" falsecount="0"/>
      <line num="22" count="9" type="stmt"/>
      <line num="25" count="13" type="stmt"/>
      <line num="26" count="13" type="stmt"/>
      <line num="27" count="13" type="stmt"/>
      <line num="29" count="13" type="stmt"/>
      <line num="33" count="1" type="stmt"/>
      <line num="37" count="6" type="stmt"/>
      <line num="38" count="6" type="stmt"/>
      <line num="39" count="6" type="stmt"/>
      <line num="40" count="19" type="stmt"/>
      <line num="41" count="19" type="stmt"/>
      <line num="43" count="6" type="stmt"/>
      <line num="47" count="3" type="stmt"/>
      <line num="49" count="3" type="stmt"/>
      <line num="50" count="7" type="cond" truecount="2" falsecount="0"/>
      <line num="51" count="2" type="stmt"/>
      <line num="53" count="5" type="stmt"/>
      <line num="56" count="1" type="stmt"/>
      <line num="60" count="3" type="cond" truecount="2" falsecount="0"/>
      <line num="61" count="1" type="stmt"/>
      <line num="63" count="2" type="stmt"/>
      <line num="64" count="2" type="stmt"/>
      <line num="65" count="2" type="stmt"/>
      <line num="66" count="2" type="stmt"/>
      <line num="67" count="2" type="stmt"/>
      <line num="71" count="3" type="cond" truecount="4" falsecount="0"/>
      <line num="72" count="1" type="stmt"/>
      <line num="75" count="2" type="stmt"/>
      <line num="76" count="2" type="stmt"/>
      <line num="77" count="2" type="stmt"/>
      <line num="78" count="2" type="stmt"/>
      <line num="82" count="4" type="cond" truecount="2" falsecount="0"/>
      <line num="83" count="1" type="stmt"/>
      <line num="87" count="4" type="stmt"/>
      <line num="88" count="4" type="cond" truecount="2" falsecount="0"/>
      <line num="89" count="3" type="stmt"/>
      <line num="92" count="1" type="stmt"/>
      <line num="93" count="1" type="stmt"/>
      <line num="97" count="2" type="cond" truecount="2" falsecount="0"/>
      <line num="98" count="1" type="stmt"/>
      <line num="100" count="2" type="stmt"/>
      <line num="101" count="2" type="stmt"/>
      <line num="105" count="1" type="stmt"/>
      <line num="106" count="1" type="stmt"/>
      <line num="107" count="1" type="stmt"/>
      <line num="108" count="1" type="stmt"/>
      <line num="109" count="1" type="stmt"/>
      <line num="110" count="1" type="stmt"/>
      <line num="111" count="4" type="stmt"/>
      <line num="112" count="4" type="stmt"/>
      <line num="113" count="4" type="stmt"/>
      <line num="114" count="4" type="stmt"/>
      <line num="116" count="1" type="stmt"/>
      <line num="121" count="1" type="stmt"/>
      <line num="122" count="12" type="stmt"/>
      <line num="123" count="12" type="stmt"/>
      <line num="124" count="47" type="stmt"/>
      <line num="126" count="12" type="stmt"/>
      <line num="129" count="1" type="stmt"/>
      <line num="130" count="1" type="stmt"/>
      <line num="134" count="1" type="stmt"/>
    </file>
  </project>
</coverage>
