<?xml version="1.0" encoding="UTF-8"?>
<coverage generated="1620026015058" clover="3.2.0">
  <project timestamp="1620026015058" name="All files">
    <metrics statements="26" coveredstatements="16" conditionals="6" coveredconditionals="2" methods="7" coveredmethods="5" elements="39" coveredelements="23" complexity="0" loc="26" ncloc="26" packages="1" files="1" classes="1"/>
    <file name="LinkedList.js" path="/Users/mainfolder/Desktop/Practices/dailyPractice/practiceFolder/AlgorithmsDataStructures/DataStructures/LinkedList.js">
      <metrics statements="26" coveredstatements="16" conditionals="6" coveredconditionals="2" methods="7" coveredmethods="5"/>
      <line num="3" count="7" type="stmt"/>
      <line num="4" count="7" type="stmt"/>
      <line num="10" count="3" type="stmt"/>
      <line num="11" count="3" type="stmt"/>
      <line num="15" count="7" type="stmt"/>
      <line num="16" count="7" type="stmt"/>
      <line num="17" count="7" type="stmt"/>
      <line num="21" count="0" type="cond" truecount="0" falsecount="4"/>
      <line num="22" count="0" type="stmt"/>
      <line num="25" count="0" type="stmt"/>
      <line num="26" count="0" type="stmt"/>
      <line num="27" count="0" type="stmt"/>
      <line num="29" count="0" type="stmt"/>
      <line num="33" count="1" type="stmt"/>
      <line num="37" count="3" type="stmt"/>
      <line num="39" count="3" type="stmt"/>
      <line num="40" count="7" type="cond" truecount="2" falsecount="0"/>
      <line num="41" count="2" type="stmt"/>
      <line num="43" count="5" type="stmt"/>
      <line num="46" count="1" type="stmt"/>
      <line num="50" count="1" type="stmt"/>
      <line num="51" count="0" type="stmt"/>
      <line num="52" count="0" type="stmt"/>
      <line num="53" count="0" type="stmt"/>
      <line num="55" count="0" type="stmt"/>
      <line num="58" count="1" type="stmt"/>
    </file>
  </project>
</coverage>
