{"/Users/mainfolder/Desktop/Practices/dailyPractice/practiceFolder/AlgorithmsDataStructures/DataStructures/DoublyLinkedList.js": {"path":"/Users/mainfolder/Desktop/Practices/dailyPractice/practiceFolder/AlgorithmsDataStructures/DataStructures/DoublyLinkedList.js","statementMap":{"0":{"start":{"line":3,"column":4},"end":{"line":3,"column":19}},"1":{"start":{"line":4,"column":4},"end":{"line":4,"column":21}},"2":{"start":{"line":5,"column":4},"end":{"line":5,"column":21}},"3":{"start":{"line":11,"column":4},"end":{"line":11,"column":21}},"4":{"start":{"line":12,"column":4},"end":{"line":12,"column":21}},"5":{"start":{"line":13,"column":4},"end":{"line":13,"column":20}},"6":{"start":{"line":17,"column":15},"end":{"line":17,"column":28}},"7":{"start":{"line":19,"column":4},"end":{"line":26,"column":5}},"8":{"start":{"line":20,"column":6},"end":{"line":20,"column":23}},"9":{"start":{"line":21,"column":6},"end":{"line":21,"column":23}},"10":{"start":{"line":23,"column":6},"end":{"line":23,"column":28}},"11":{"start":{"line":24,"column":6},"end":{"line":24,"column":28}},"12":{"start":{"line":25,"column":6},"end":{"line":25,"column":23}},"13":{"start":{"line":27,"column":4},"end":{"line":27,"column":18}},"14":{"start":{"line":28,"column":4},"end":{"line":28,"column":16}},"15":{"start":{"line":32,"column":4},"end":{"line":34,"column":5}},"16":{"start":{"line":33,"column":6},"end":{"line":33,"column":18}},"17":{"start":{"line":35,"column":18},"end":{"line":35,"column":27}},"18":{"start":{"line":36,"column":4},"end":{"line":42,"column":5}},"19":{"start":{"line":37,"column":6},"end":{"line":37,"column":23}},"20":{"start":{"line":38,"column":6},"end":{"line":38,"column":23}},"21":{"start":{"line":40,"column":6},"end":{"line":40,"column":31}},"22":{"start":{"line":41,"column":6},"end":{"line":41,"column":28}},"23":{"start":{"line":43,"column":4},"end":{"line":43,"column":18}},"24":{"start":{"line":44,"column":4},"end":{"line":44,"column":19}},"25":{"start":{"line":48,"column":4},"end":{"line":50,"column":5}},"26":{"start":{"line":49,"column":6},"end":{"line":49,"column":18}},"27":{"start":{"line":52,"column":18},"end":{"line":52,"column":27}},"28":{"start":{"line":53,"column":4},"end":{"line":60,"column":5}},"29":{"start":{"line":54,"column":6},"end":{"line":54,"column":23}},"30":{"start":{"line":55,"column":6},"end":{"line":55,"column":23}},"31":{"start":{"line":57,"column":6},"end":{"line":57,"column":33}},"32":{"start":{"line":58,"column":6},"end":{"line":58,"column":28}},"33":{"start":{"line":59,"column":6},"end":{"line":59,"column":26}},"34":{"start":{"line":61,"column":4},"end":{"line":61,"column":18}},"35":{"start":{"line":62,"column":4},"end":{"line":62,"column":19}},"36":{"start":{"line":65,"column":15},"end":{"line":65,"column":28}},"37":{"start":{"line":66,"column":4},"end":{"line":73,"column":5}},"38":{"start":{"line":67,"column":6},"end":{"line":67,"column":23}},"39":{"start":{"line":68,"column":6},"end":{"line":68,"column":23}},"40":{"start":{"line":70,"column":6},"end":{"line":70,"column":28}},"41":{"start":{"line":71,"column":6},"end":{"line":71,"column":28}},"42":{"start":{"line":72,"column":6},"end":{"line":72,"column":23}},"43":{"start":{"line":74,"column":4},"end":{"line":74,"column":18}},"44":{"start":{"line":75,"column":4},"end":{"line":75,"column":16}},"45":{"start":{"line":79,"column":4},"end":{"line":85,"column":5}},"46":{"start":{"line":80,"column":6},"end":{"line":80,"column":23}},"47":{"start":{"line":81,"column":11},"end":{"line":85,"column":5}},"48":{"start":{"line":82,"column":6},"end":{"line":82,"column":23}},"49":{"start":{"line":83,"column":11},"end":{"line":85,"column":5}},"50":{"start":{"line":84,"column":6},"end":{"line":84,"column":23}},"51":{"start":{"line":87,"column":4},"end":{"line":103,"column":5}},"52":{"start":{"line":88,"column":18},"end":{"line":88,"column":19}},"53":{"start":{"line":89,"column":20},"end":{"line":89,"column":29}},"54":{"start":{"line":90,"column":6},"end":{"line":93,"column":7}},"55":{"start":{"line":91,"column":8},"end":{"line":91,"column":33}},"56":{"start":{"line":92,"column":8},"end":{"line":92,"column":16}},"57":{"start":{"line":94,"column":6},"end":{"line":94,"column":21}},"58":{"start":{"line":96,"column":18},"end":{"line":96,"column":33}},"59":{"start":{"line":97,"column":20},"end":{"line":97,"column":29}},"60":{"start":{"line":98,"column":6},"end":{"line":101,"column":7}},"61":{"start":{"line":99,"column":8},"end":{"line":99,"column":33}},"62":{"start":{"line":100,"column":8},"end":{"line":100,"column":16}},"63":{"start":{"line":102,"column":6},"end":{"line":102,"column":21}},"64":{"start":{"line":107,"column":4},"end":{"line":109,"column":5}},"65":{"start":{"line":108,"column":6},"end":{"line":108,"column":19}},"66":{"start":{"line":110,"column":24},"end":{"line":110,"column":46}},"67":{"start":{"line":111,"column":4},"end":{"line":111,"column":30}},"68":{"start":{"line":112,"column":4},"end":{"line":112,"column":16}},"69":{"start":{"line":116,"column":4},"end":{"line":118,"column":5}},"70":{"start":{"line":117,"column":6},"end":{"line":117,"column":19}},"71":{"start":{"line":120,"column":4},"end":{"line":129,"column":5}},"72":{"start":{"line":121,"column":6},"end":{"line":121,"column":33}},"73":{"start":{"line":122,"column":11},"end":{"line":129,"column":5}},"74":{"start":{"line":123,"column":6},"end":{"line":123,"column":30}},"75":{"start":{"line":125,"column":22},"end":{"line":125,"column":48}},"76":{"start":{"line":126,"column":22},"end":{"line":126,"column":44}},"77":{"start":{"line":127,"column":25},"end":{"line":127,"column":62}},"78":{"start":{"line":128,"column":6},"end":{"line":128,"column":36}},"79":{"start":{"line":130,"column":4},"end":{"line":130,"column":18}},"80":{"start":{"line":131,"column":4},"end":{"line":131,"column":16}},"81":{"start":{"line":135,"column":15},"end":{"line":135,"column":17}},"82":{"start":{"line":136,"column":4},"end":{"line":138,"column":5}},"83":{"start":{"line":136,"column":17},"end":{"line":136,"column":18}},"84":{"start":{"line":137,"column":6},"end":{"line":137,"column":37}},"85":{"start":{"line":139,"column":4},"end":{"line":139,"column":16}},"86":{"start":{"line":143,"column":4},"end":{"line":158,"column":5}},"87":{"start":{"line":144,"column":6},"end":{"line":144,"column":19}},"88":{"start":{"line":145,"column":11},"end":{"line":158,"column":5}},"89":{"start":{"line":146,"column":6},"end":{"line":146,"column":26}},"90":{"start":{"line":147,"column":11},"end":{"line":158,"column":5}},"91":{"start":{"line":148,"column":6},"end":{"line":148,"column":24}},"92":{"start":{"line":150,"column":25},"end":{"line":150,"column":47}},"93":{"start":{"line":151,"column":22},"end":{"line":151,"column":39}},"94":{"start":{"line":152,"column":22},"end":{"line":152,"column":48}},"95":{"start":{"line":153,"column":6},"end":{"line":153,"column":33}},"96":{"start":{"line":154,"column":6},"end":{"line":154,"column":33}},"97":{"start":{"line":156,"column":6},"end":{"line":156,"column":31}},"98":{"start":{"line":157,"column":6},"end":{"line":157,"column":31}},"99":{"start":{"line":159,"column":4},"end":{"line":159,"column":18}},"100":{"start":{"line":160,"column":4},"end":{"line":160,"column":16}},"101":{"start":{"line":164,"column":0},"end":{"line":164,"column":34}}},"fnMap":{"0":{"name":"(anonymous_0)","decl":{"start":{"line":2,"column":2},"end":{"line":2,"column":3}},"loc":{"start":{"line":2,"column":45},"end":{"line":6,"column":3}},"line":2},"1":{"name":"(anonymous_1)","decl":{"start":{"line":10,"column":2},"end":{"line":10,"column":3}},"loc":{"start":{"line":10,"column":16},"end":{"line":14,"column":3}},"line":10},"2":{"name":"(anonymous_2)","decl":{"start":{"line":16,"column":2},"end":{"line":16,"column":3}},"loc":{"start":{"line":16,"column":12},"end":{"line":29,"column":3}},"line":16},"3":{"name":"(anonymous_3)","decl":{"start":{"line":31,"column":2},"end":{"line":31,"column":3}},"loc":{"start":{"line":31,"column":8},"end":{"line":45,"column":3}},"line":31},"4":{"name":"(anonymous_4)","decl":{"start":{"line":47,"column":2},"end":{"line":47,"column":3}},"loc":{"start":{"line":47,"column":10},"end":{"line":63,"column":3}},"line":47},"5":{"name":"(anonymous_5)","decl":{"start":{"line":64,"column":2},"end":{"line":64,"column":3}},"loc":{"start":{"line":64,"column":15},"end":{"line":76,"column":3}},"line":64},"6":{"name":"(anonymous_6)","decl":{"start":{"line":78,"column":2},"end":{"line":78,"column":3}},"loc":{"start":{"line":78,"column":20},"end":{"line":104,"column":3}},"line":78},"7":{"name":"(anonymous_7)","decl":{"start":{"line":106,"column":2},"end":{"line":106,"column":3}},"loc":{"start":{"line":106,"column":20},"end":{"line":113,"column":3}},"line":106},"8":{"name":"(anonymous_8)","decl":{"start":{"line":115,"column":2},"end":{"line":115,"column":3}},"loc":{"start":{"line":115,"column":23},"end":{"line":132,"column":3}},"line":115},"9":{"name":"(anonymous_9)","decl":{"start":{"line":134,"column":2},"end":{"line":134,"column":3}},"loc":{"start":{"line":134,"column":9},"end":{"line":140,"column":3}},"line":134},"10":{"name":"(anonymous_10)","decl":{"start":{"line":142,"column":2},"end":{"line":142,"column":3}},"loc":{"start":{"line":142,"column":16},"end":{"line":161,"column":3}},"line":142}},"branchMap":{"0":{"loc":{"start":{"line":2,"column":19},"end":{"line":2,"column":30}},"type":"default-arg","locations":[{"start":{"line":2,"column":26},"end":{"line":2,"column":30}}],"line":2},"1":{"loc":{"start":{"line":2,"column":32},"end":{"line":2,"column":43}},"type":"default-arg","locations":[{"start":{"line":2,"column":39},"end":{"line":2,"column":43}}],"line":2},"2":{"loc":{"start":{"line":19,"column":4},"end":{"line":26,"column":5}},"type":"if","locations":[{"start":{"line":19,"column":4},"end":{"line":26,"column":5}},{"start":{"line":19,"column":4},"end":{"line":26,"column":5}}],"line":19},"3":{"loc":{"start":{"line":32,"column":4},"end":{"line":34,"column":5}},"type":"if","locations":[{"start":{"line":32,"column":4},"end":{"line":34,"column":5}},{"start":{"line":32,"column":4},"end":{"line":34,"column":5}}],"line":32},"4":{"loc":{"start":{"line":36,"column":4},"end":{"line":42,"column":5}},"type":"if","locations":[{"start":{"line":36,"column":4},"end":{"line":42,"column":5}},{"start":{"line":36,"column":4},"end":{"line":42,"column":5}}],"line":36},"5":{"loc":{"start":{"line":48,"column":4},"end":{"line":50,"column":5}},"type":"if","locations":[{"start":{"line":48,"column":4},"end":{"line":50,"column":5}},{"start":{"line":48,"column":4},"end":{"line":50,"column":5}}],"line":48},"6":{"loc":{"start":{"line":53,"column":4},"end":{"line":60,"column":5}},"type":"if","locations":[{"start":{"line":53,"column":4},"end":{"line":60,"column":5}},{"start":{"line":53,"column":4},"end":{"line":60,"column":5}}],"line":53},"7":{"loc":{"start":{"line":66,"column":4},"end":{"line":73,"column":5}},"type":"if","locations":[{"start":{"line":66,"column":4},"end":{"line":73,"column":5}},{"start":{"line":66,"column":4},"end":{"line":73,"column":5}}],"line":66},"8":{"loc":{"start":{"line":79,"column":4},"end":{"line":85,"column":5}},"type":"if","locations":[{"start":{"line":79,"column":4},"end":{"line":85,"column":5}},{"start":{"line":79,"column":4},"end":{"line":85,"column":5}}],"line":79},"9":{"loc":{"start":{"line":79,"column":8},"end":{"line":79,"column":49}},"type":"binary-expr","locations":[{"start":{"line":79,"column":8},"end":{"line":79,"column":25}},{"start":{"line":79,"column":29},"end":{"line":79,"column":49}}],"line":79},"10":{"loc":{"start":{"line":81,"column":11},"end":{"line":85,"column":5}},"type":"if","locations":[{"start":{"line":81,"column":11},"end":{"line":85,"column":5}},{"start":{"line":81,"column":11},"end":{"line":85,"column":5}}],"line":81},"11":{"loc":{"start":{"line":83,"column":11},"end":{"line":85,"column":5}},"type":"if","locations":[{"start":{"line":83,"column":11},"end":{"line":85,"column":5}},{"start":{"line":83,"column":11},"end":{"line":85,"column":5}}],"line":83},"12":{"loc":{"start":{"line":87,"column":4},"end":{"line":103,"column":5}},"type":"if","locations":[{"start":{"line":87,"column":4},"end":{"line":103,"column":5}},{"start":{"line":87,"column":4},"end":{"line":103,"column":5}}],"line":87},"13":{"loc":{"start":{"line":107,"column":4},"end":{"line":109,"column":5}},"type":"if","locations":[{"start":{"line":107,"column":4},"end":{"line":109,"column":5}},{"start":{"line":107,"column":4},"end":{"line":109,"column":5}}],"line":107},"14":{"loc":{"start":{"line":107,"column":8},"end":{"line":107,"column":44}},"type":"binary-expr","locations":[{"start":{"line":107,"column":8},"end":{"line":107,"column":17}},{"start":{"line":107,"column":21},"end":{"line":107,"column":44}}],"line":107},"15":{"loc":{"start":{"line":116,"column":4},"end":{"line":118,"column":5}},"type":"if","locations":[{"start":{"line":116,"column":4},"end":{"line":118,"column":5}},{"start":{"line":116,"column":4},"end":{"line":118,"column":5}}],"line":116},"16":{"loc":{"start":{"line":116,"column":8},"end":{"line":116,"column":40}},"type":"binary-expr","locations":[{"start":{"line":116,"column":8},"end":{"line":116,"column":17}},{"start":{"line":116,"column":21},"end":{"line":116,"column":40}}],"line":116},"17":{"loc":{"start":{"line":120,"column":4},"end":{"line":129,"column":5}},"type":"if","locations":[{"start":{"line":120,"column":4},"end":{"line":129,"column":5}},{"start":{"line":120,"column":4},"end":{"line":129,"column":5}}],"line":120},"18":{"loc":{"start":{"line":122,"column":11},"end":{"line":129,"column":5}},"type":"if","locations":[{"start":{"line":122,"column":11},"end":{"line":129,"column":5}},{"start":{"line":122,"column":11},"end":{"line":129,"column":5}}],"line":122},"19":{"loc":{"start":{"line":143,"column":4},"end":{"line":158,"column":5}},"type":"if","locations":[{"start":{"line":143,"column":4},"end":{"line":158,"column":5}},{"start":{"line":143,"column":4},"end":{"line":158,"column":5}}],"line":143},"20":{"loc":{"start":{"line":143,"column":8},"end":{"line":143,"column":44}},"type":"binary-expr","locations":[{"start":{"line":143,"column":8},"end":{"line":143,"column":17}},{"start":{"line":143,"column":21},"end":{"line":143,"column":44}}],"line":143},"21":{"loc":{"start":{"line":145,"column":11},"end":{"line":158,"column":5}},"type":"if","locations":[{"start":{"line":145,"column":11},"end":{"line":158,"column":5}},{"start":{"line":145,"column":11},"end":{"line":158,"column":5}}],"line":145},"22":{"loc":{"start":{"line":147,"column":11},"end":{"line":158,"column":5}},"type":"if","locations":[{"start":{"line":147,"column":11},"end":{"line":158,"column":5}},{"start":{"line":147,"column":11},"end":{"line":158,"column":5}}],"line":147}},"s":{"0":44,"1":44,"2":44,"3":18,"4":18,"5":18,"6":34,"7":34,"8":16,"9":16,"10":18,"11":18,"12":18,"13":34,"14":34,"15":5,"16":1,"17":4,"18":4,"19":2,"20":2,"21":2,"22":2,"23":4,"24":4,"25":4,"26":1,"27":3,"28":3,"29":1,"30":1,"31":2,"32":2,"33":2,"34":3,"35":3,"36":9,"37":9,"38":2,"39":2,"40":7,"41":7,"42":7,"43":9,"44":9,"45":19,"46":1,"47":18,"48":8,"49":10,"50":5,"51":5,"52":4,"53":4,"54":4,"55":4,"56":4,"57":4,"58":1,"59":1,"60":1,"61":1,"62":1,"63":1,"64":3,"65":2,"66":1,"67":1,"68":1,"69":9,"70":1,"71":8,"72":4,"73":4,"74":3,"75":1,"76":1,"77":1,"78":1,"79":1,"80":1,"81":1,"82":1,"83":1,"84":3,"85":1,"86":5,"87":2,"88":3,"89":1,"90":2,"91":1,"92":1,"93":1,"94":1,"95":1,"96":1,"97":1,"98":1,"99":1,"100":1,"101":1},"f":{"0":44,"1":18,"2":34,"3":5,"4":4,"5":9,"6":19,"7":3,"8":9,"9":1,"10":5},"b":{"0":[43],"1":[43],"2":[16,18],"3":[1,4],"4":[2,2],"5":[1,3],"6":[1,2],"7":[2,7],"8":[1,18],"9":[19,18],"10":[8,10],"11":[5,5],"12":[4,1],"13":[2,1],"14":[3,2],"15":[1,8],"16":[9,8],"17":[4,4],"18":[3,1],"19":[2,3],"20":[5,4],"21":[1,2],"22":[1,1]},"_coverageSchema":"1a1c01bbd47fc00a2c39e90264f33305004495a9","hash":"41907f9929ad12945417410eb49dbbd160245fc8"}
,"/Users/mainfolder/Desktop/Practices/dailyPractice/practiceFolder/AlgorithmsDataStructures/DataStructures/LinkedList.js": {"path":"/Users/mainfolder/Desktop/Practices/dailyPractice/practiceFolder/AlgorithmsDataStructures/DataStructures/LinkedList.js","statementMap":{"0":{"start":{"line":3,"column":4},"end":{"line":3,"column":23}},"1":{"start":{"line":4,"column":4},"end":{"line":4,"column":21}},"2":{"start":{"line":10,"column":4},"end":{"line":10,"column":21}},"3":{"start":{"line":11,"column":4},"end":{"line":11,"column":20}},"4":{"start":{"line":15,"column":20},"end":{"line":15,"column":45}},"5":{"start":{"line":16,"column":4},"end":{"line":16,"column":24}},"6":{"start":{"line":17,"column":4},"end":{"line":17,"column":18}},"7":{"start":{"line":21,"column":4},"end":{"line":23,"column":5}},"8":{"start":{"line":22,"column":6},"end":{"line":22,"column":18}},"9":{"start":{"line":25,"column":18},"end":{"line":25,"column":27}},"10":{"start":{"line":26,"column":4},"end":{"line":28,"column":5}},"11":{"start":{"line":26,"column":17},"end":{"line":26,"column":18}},"12":{"start":{"line":27,"column":6},"end":{"line":27,"column":29}},"13":{"start":{"line":29,"column":4},"end":{"line":29,"column":19}},"14":{"start":{"line":33,"column":4},"end":{"line":33,"column":23}},"15":{"start":{"line":37,"column":17},"end":{"line":37,"column":19}},"16":{"start":{"line":38,"column":18},"end":{"line":38,"column":27}},"17":{"start":{"line":39,"column":4},"end":{"line":42,"column":5}},"18":{"start":{"line":40,"column":6},"end":{"line":40,"column":46}},"19":{"start":{"line":41,"column":6},"end":{"line":41,"column":29}},"20":{"start":{"line":43,"column":4},"end":{"line":43,"column":33}},"21":{"start":{"line":47,"column":18},"end":{"line":47,"column":27}},"22":{"start":{"line":49,"column":4},"end":{"line":55,"column":5}},"23":{"start":{"line":49,"column":17},"end":{"line":49,"column":18}},"24":{"start":{"line":50,"column":6},"end":{"line":54,"column":7}},"25":{"start":{"line":51,"column":8},"end":{"line":51,"column":20}},"26":{"start":{"line":53,"column":8},"end":{"line":53,"column":31}},"27":{"start":{"line":56,"column":4},"end":{"line":56,"column":17}},"28":{"start":{"line":60,"column":4},"end":{"line":62,"column":5}},"29":{"start":{"line":61,"column":6},"end":{"line":61,"column":18}},"30":{"start":{"line":63,"column":18},"end":{"line":63,"column":32}},"31":{"start":{"line":64,"column":18},"end":{"line":64,"column":33}},"32":{"start":{"line":65,"column":4},"end":{"line":65,"column":24}},"33":{"start":{"line":66,"column":4},"end":{"line":66,"column":18}},"34":{"start":{"line":67,"column":4},"end":{"line":67,"column":19}},"35":{"start":{"line":71,"column":4},"end":{"line":73,"column":5}},"36":{"start":{"line":72,"column":6},"end":{"line":72,"column":18}},"37":{"start":{"line":75,"column":15},"end":{"line":75,"column":41}},"38":{"start":{"line":76,"column":16},"end":{"line":76,"column":42}},"39":{"start":{"line":77,"column":4},"end":{"line":77,"column":22}},"40":{"start":{"line":78,"column":4},"end":{"line":78,"column":18}},"41":{"start":{"line":82,"column":4},"end":{"line":84,"column":5}},"42":{"start":{"line":83,"column":6},"end":{"line":83,"column":28}},"43":{"start":{"line":87,"column":15},"end":{"line":87,"column":41}},"44":{"start":{"line":88,"column":4},"end":{"line":90,"column":5}},"45":{"start":{"line":89,"column":6},"end":{"line":89,"column":18}},"46":{"start":{"line":92,"column":4},"end":{"line":92,"column":43}},"47":{"start":{"line":93,"column":4},"end":{"line":93,"column":18}},"48":{"start":{"line":97,"column":4},"end":{"line":99,"column":5}},"49":{"start":{"line":98,"column":6},"end":{"line":98,"column":28}},"50":{"start":{"line":100,"column":15},"end":{"line":100,"column":47}},"51":{"start":{"line":101,"column":4},"end":{"line":101,"column":32}},"52":{"start":{"line":105,"column":15},"end":{"line":105,"column":24}},"53":{"start":{"line":106,"column":15},"end":{"line":106,"column":47}},"54":{"start":{"line":107,"column":4},"end":{"line":107,"column":21}},"55":{"start":{"line":108,"column":15},"end":{"line":108,"column":19}},"56":{"start":{"line":109,"column":15},"end":{"line":109,"column":19}},"57":{"start":{"line":110,"column":4},"end":{"line":115,"column":5}},"58":{"start":{"line":110,"column":17},"end":{"line":110,"column":18}},"59":{"start":{"line":111,"column":6},"end":{"line":111,"column":23}},"60":{"start":{"line":112,"column":6},"end":{"line":112,"column":23}},"61":{"start":{"line":113,"column":6},"end":{"line":113,"column":18}},"62":{"start":{"line":114,"column":6},"end":{"line":114,"column":18}},"63":{"start":{"line":116,"column":4},"end":{"line":116,"column":16}},"64":{"start":{"line":121,"column":0},"end":{"line":127,"column":2}},"65":{"start":{"line":122,"column":13},"end":{"line":122,"column":29}},"66":{"start":{"line":123,"column":2},"end":{"line":125,"column":3}},"67":{"start":{"line":123,"column":15},"end":{"line":123,"column":32}},"68":{"start":{"line":124,"column":4},"end":{"line":124,"column":28}},"69":{"start":{"line":126,"column":2},"end":{"line":126,"column":12}},"70":{"start":{"line":129,"column":0},"end":{"line":129,"column":28}}},"fnMap":{"0":{"name":"(anonymous_0)","decl":{"start":{"line":2,"column":2},"end":{"line":2,"column":3}},"loc":{"start":{"line":2,"column":34},"end":{"line":5,"column":3}},"line":2},"1":{"name":"(anonymous_1)","decl":{"start":{"line":9,"column":2},"end":{"line":9,"column":3}},"loc":{"start":{"line":9,"column":16},"end":{"line":12,"column":3}},"line":9},"2":{"name":"(anonymous_2)","decl":{"start":{"line":14,"column":2},"end":{"line":14,"column":3}},"loc":{"start":{"line":14,"column":18},"end":{"line":18,"column":3}},"line":14},"3":{"name":"(anonymous_3)","decl":{"start":{"line":20,"column":2},"end":{"line":20,"column":3}},"loc":{"start":{"line":20,"column":20},"end":{"line":30,"column":3}},"line":20},"4":{"name":"(anonymous_4)","decl":{"start":{"line":32,"column":2},"end":{"line":32,"column":3}},"loc":{"start":{"line":32,"column":9},"end":{"line":34,"column":3}},"line":32},"5":{"name":"(anonymous_5)","decl":{"start":{"line":36,"column":2},"end":{"line":36,"column":3}},"loc":{"start":{"line":36,"column":10},"end":{"line":44,"column":3}},"line":36},"6":{"name":"(anonymous_6)","decl":{"start":{"line":46,"column":2},"end":{"line":46,"column":3}},"loc":{"start":{"line":46,"column":20},"end":{"line":57,"column":3}},"line":46},"7":{"name":"(anonymous_7)","decl":{"start":{"line":59,"column":2},"end":{"line":59,"column":3}},"loc":{"start":{"line":59,"column":15},"end":{"line":68,"column":3}},"line":59},"8":{"name":"(anonymous_8)","decl":{"start":{"line":70,"column":2},"end":{"line":70,"column":3}},"loc":{"start":{"line":70,"column":23},"end":{"line":79,"column":3}},"line":70},"9":{"name":"(anonymous_9)","decl":{"start":{"line":81,"column":2},"end":{"line":81,"column":3}},"loc":{"start":{"line":81,"column":30},"end":{"line":94,"column":3}},"line":81},"10":{"name":"(anonymous_10)","decl":{"start":{"line":96,"column":2},"end":{"line":96,"column":3}},"loc":{"start":{"line":96,"column":19},"end":{"line":102,"column":3}},"line":96},"11":{"name":"(anonymous_11)","decl":{"start":{"line":104,"column":2},"end":{"line":104,"column":3}},"loc":{"start":{"line":104,"column":12},"end":{"line":117,"column":3}},"line":104},"12":{"name":"(anonymous_12)","decl":{"start":{"line":121,"column":30},"end":{"line":121,"column":31}},"loc":{"start":{"line":121,"column":45},"end":{"line":127,"column":1}},"line":121}},"branchMap":{"0":{"loc":{"start":{"line":2,"column":21},"end":{"line":2,"column":32}},"type":"default-arg","locations":[{"start":{"line":2,"column":28},"end":{"line":2,"column":32}}],"line":2},"1":{"loc":{"start":{"line":21,"column":4},"end":{"line":23,"column":5}},"type":"if","locations":[{"start":{"line":21,"column":4},"end":{"line":23,"column":5}},{"start":{"line":21,"column":4},"end":{"line":23,"column":5}}],"line":21},"2":{"loc":{"start":{"line":21,"column":8},"end":{"line":21,"column":41}},"type":"binary-expr","locations":[{"start":{"line":21,"column":8},"end":{"line":21,"column":17}},{"start":{"line":21,"column":21},"end":{"line":21,"column":41}}],"line":21},"3":{"loc":{"start":{"line":50,"column":6},"end":{"line":54,"column":7}},"type":"if","locations":[{"start":{"line":50,"column":6},"end":{"line":54,"column":7}},{"start":{"line":50,"column":6},"end":{"line":54,"column":7}}],"line":50},"4":{"loc":{"start":{"line":60,"column":4},"end":{"line":62,"column":5}},"type":"if","locations":[{"start":{"line":60,"column":4},"end":{"line":62,"column":5}},{"start":{"line":60,"column":4},"end":{"line":62,"column":5}}],"line":60},"5":{"loc":{"start":{"line":71,"column":4},"end":{"line":73,"column":5}},"type":"if","locations":[{"start":{"line":71,"column":4},"end":{"line":73,"column":5}},{"start":{"line":71,"column":4},"end":{"line":73,"column":5}}],"line":71},"6":{"loc":{"start":{"line":71,"column":8},"end":{"line":71,"column":40}},"type":"binary-expr","locations":[{"start":{"line":71,"column":8},"end":{"line":71,"column":17}},{"start":{"line":71,"column":21},"end":{"line":71,"column":40}}],"line":71},"7":{"loc":{"start":{"line":82,"column":4},"end":{"line":84,"column":5}},"type":"if","locations":[{"start":{"line":82,"column":4},"end":{"line":84,"column":5}},{"start":{"line":82,"column":4},"end":{"line":84,"column":5}}],"line":82},"8":{"loc":{"start":{"line":88,"column":4},"end":{"line":90,"column":5}},"type":"if","locations":[{"start":{"line":88,"column":4},"end":{"line":90,"column":5}},{"start":{"line":88,"column":4},"end":{"line":90,"column":5}}],"line":88},"9":{"loc":{"start":{"line":97,"column":4},"end":{"line":99,"column":5}},"type":"if","locations":[{"start":{"line":97,"column":4},"end":{"line":99,"column":5}},{"start":{"line":97,"column":4},"end":{"line":99,"column":5}}],"line":97}},"s":{"0":59,"1":59,"2":17,"3":17,"4":56,"5":56,"6":56,"7":22,"8":9,"9":13,"10":13,"11":13,"12":13,"13":13,"14":1,"15":5,"16":5,"17":5,"18":14,"19":14,"20":5,"21":3,"22":3,"23":3,"24":7,"25":2,"26":5,"27":1,"28":3,"29":1,"30":2,"31":2,"32":2,"33":2,"34":2,"35":3,"36":1,"37":2,"38":2,"39":2,"40":2,"41":4,"42":1,"43":4,"44":4,"45":3,"46":1,"47":1,"48":2,"49":1,"50":2,"51":2,"52":1,"53":1,"54":1,"55":1,"56":1,"57":1,"58":1,"59":4,"60":4,"61":4,"62":4,"63":1,"64":1,"65":11,"66":11,"67":11,"68":42,"69":11,"70":1},"f":{"0":59,"1":17,"2":56,"3":22,"4":1,"5":5,"6":3,"7":3,"8":3,"9":4,"10":2,"11":1,"12":11},"b":{"0":[2],"1":[9,13],"2":[22,17],"3":[2,5],"4":[1,2],"5":[1,2],"6":[3,3],"7":[1,3],"8":[3,1],"9":[1,1]},"_coverageSchema":"1a1c01bbd47fc00a2c39e90264f33305004495a9","hash":"e1b52bc6dc5de5ccf3270088e1f6b9308f26c07a"}
,"/Users/mainfolder/Desktop/Practices/dailyPractice/practiceFolder/AlgorithmsDataStructures/DataStructures/Queues.js": {"path":"/Users/mainfolder/Desktop/Practices/dailyPractice/practiceFolder/AlgorithmsDataStructures/DataStructures/Queues.js","statementMap":{"0":{"start":{"line":8,"column":4},"end":{"line":8,"column":21}},"1":{"start":{"line":9,"column":4},"end":{"line":9,"column":21}},"2":{"start":{"line":15,"column":4},"end":{"line":15,"column":22}},"3":{"start":{"line":16,"column":4},"end":{"line":16,"column":21}},"4":{"start":{"line":17,"column":4},"end":{"line":17,"column":20}},"5":{"start":{"line":22,"column":15},"end":{"line":22,"column":30}},"6":{"start":{"line":23,"column":4},"end":{"line":29,"column":5}},"7":{"start":{"line":24,"column":6},"end":{"line":24,"column":24}},"8":{"start":{"line":25,"column":6},"end":{"line":25,"column":23}},"9":{"start":{"line":27,"column":6},"end":{"line":27,"column":28}},"10":{"start":{"line":28,"column":6},"end":{"line":28,"column":23}},"11":{"start":{"line":30,"column":4},"end":{"line":30,"column":18}},"12":{"start":{"line":31,"column":4},"end":{"line":31,"column":16}},"13":{"start":{"line":36,"column":4},"end":{"line":38,"column":5}},"14":{"start":{"line":37,"column":6},"end":{"line":37,"column":23}},"15":{"start":{"line":40,"column":19},"end":{"line":40,"column":29}},"16":{"start":{"line":41,"column":4},"end":{"line":47,"column":5}},"17":{"start":{"line":42,"column":6},"end":{"line":42,"column":24}},"18":{"start":{"line":43,"column":6},"end":{"line":43,"column":23}},"19":{"start":{"line":45,"column":6},"end":{"line":45,"column":33}},"20":{"start":{"line":46,"column":6},"end":{"line":46,"column":27}},"21":{"start":{"line":48,"column":4},"end":{"line":48,"column":18}},"22":{"start":{"line":49,"column":4},"end":{"line":49,"column":20}},"23":{"start":{"line":53,"column":0},"end":{"line":53,"column":23}}},"fnMap":{"0":{"name":"(anonymous_0)","decl":{"start":{"line":7,"column":2},"end":{"line":7,"column":3}},"loc":{"start":{"line":7,"column":21},"end":{"line":10,"column":3}},"line":7},"1":{"name":"(anonymous_1)","decl":{"start":{"line":14,"column":2},"end":{"line":14,"column":3}},"loc":{"start":{"line":14,"column":16},"end":{"line":18,"column":3}},"line":14},"2":{"name":"(anonymous_2)","decl":{"start":{"line":21,"column":2},"end":{"line":21,"column":3}},"loc":{"start":{"line":21,"column":17},"end":{"line":32,"column":3}},"line":21},"3":{"name":"(anonymous_3)","decl":{"start":{"line":35,"column":2},"end":{"line":35,"column":3}},"loc":{"start":{"line":35,"column":12},"end":{"line":50,"column":3}},"line":35}},"branchMap":{"0":{"loc":{"start":{"line":23,"column":4},"end":{"line":29,"column":5}},"type":"if","locations":[{"start":{"line":23,"column":4},"end":{"line":29,"column":5}},{"start":{"line":23,"column":4},"end":{"line":29,"column":5}}],"line":23},"1":{"loc":{"start":{"line":36,"column":4},"end":{"line":38,"column":5}},"type":"if","locations":[{"start":{"line":36,"column":4},"end":{"line":38,"column":5}},{"start":{"line":36,"column":4},"end":{"line":38,"column":5}}],"line":36},"2":{"loc":{"start":{"line":41,"column":4},"end":{"line":47,"column":5}},"type":"if","locations":[{"start":{"line":41,"column":4},"end":{"line":47,"column":5}},{"start":{"line":41,"column":4},"end":{"line":47,"column":5}}],"line":41}},"s":{"0":7,"1":7,"2":5,"3":5,"4":5,"5":7,"6":7,"7":4,"8":4,"9":3,"10":3,"11":7,"12":7,"13":3,"14":1,"15":2,"16":2,"17":1,"18":1,"19":1,"20":1,"21":2,"22":2,"23":1},"f":{"0":7,"1":5,"2":7,"3":3},"b":{"0":[4,3],"1":[1,2],"2":[1,1]},"_coverageSchema":"1a1c01bbd47fc00a2c39e90264f33305004495a9","hash":"1ef32f35a18ecf57fa5907562646aa4ba1258d03"}
,"/Users/mainfolder/Desktop/Practices/dailyPractice/practiceFolder/AlgorithmsDataStructures/DataStructures/Stacks.js": {"path":"/Users/mainfolder/Desktop/Practices/dailyPractice/practiceFolder/AlgorithmsDataStructures/DataStructures/Stacks.js","statementMap":{"0":{"start":{"line":3,"column":4},"end":{"line":3,"column":21}},"1":{"start":{"line":4,"column":4},"end":{"line":4,"column":21}},"2":{"start":{"line":11,"column":4},"end":{"line":11,"column":22}},"3":{"start":{"line":12,"column":4},"end":{"line":12,"column":21}},"4":{"start":{"line":13,"column":4},"end":{"line":13,"column":20}},"5":{"start":{"line":17,"column":15},"end":{"line":17,"column":30}},"6":{"start":{"line":18,"column":4},"end":{"line":26,"column":5}},"7":{"start":{"line":19,"column":6},"end":{"line":19,"column":24}},"8":{"start":{"line":20,"column":6},"end":{"line":20,"column":23}},"9":{"start":{"line":22,"column":17},"end":{"line":22,"column":27}},"10":{"start":{"line":23,"column":6},"end":{"line":23,"column":23}},"11":{"start":{"line":24,"column":6},"end":{"line":24,"column":24}},"12":{"start":{"line":25,"column":6},"end":{"line":25,"column":23}},"13":{"start":{"line":27,"column":4},"end":{"line":27,"column":18}},"14":{"start":{"line":28,"column":4},"end":{"line":28,"column":16}},"15":{"start":{"line":32,"column":4},"end":{"line":34,"column":5}},"16":{"start":{"line":33,"column":6},"end":{"line":33,"column":23}},"17":{"start":{"line":36,"column":15},"end":{"line":36,"column":25}},"18":{"start":{"line":37,"column":4},"end":{"line":44,"column":5}},"19":{"start":{"line":38,"column":6},"end":{"line":38,"column":24}},"20":{"start":{"line":39,"column":6},"end":{"line":39,"column":23}},"21":{"start":{"line":41,"column":21},"end":{"line":41,"column":30}},"22":{"start":{"line":42,"column":6},"end":{"line":42,"column":28}},"23":{"start":{"line":43,"column":6},"end":{"line":43,"column":23}},"24":{"start":{"line":45,"column":4},"end":{"line":45,"column":18}},"25":{"start":{"line":46,"column":4},"end":{"line":46,"column":16}},"26":{"start":{"line":50,"column":0},"end":{"line":50,"column":23}}},"fnMap":{"0":{"name":"(anonymous_0)","decl":{"start":{"line":2,"column":2},"end":{"line":2,"column":3}},"loc":{"start":{"line":2,"column":21},"end":{"line":5,"column":3}},"line":2},"1":{"name":"(anonymous_1)","decl":{"start":{"line":10,"column":2},"end":{"line":10,"column":3}},"loc":{"start":{"line":10,"column":16},"end":{"line":14,"column":3}},"line":10},"2":{"name":"(anonymous_2)","decl":{"start":{"line":16,"column":2},"end":{"line":16,"column":3}},"loc":{"start":{"line":16,"column":14},"end":{"line":29,"column":3}},"line":16},"3":{"name":"(anonymous_3)","decl":{"start":{"line":31,"column":2},"end":{"line":31,"column":3}},"loc":{"start":{"line":31,"column":8},"end":{"line":47,"column":3}},"line":31}},"branchMap":{"0":{"loc":{"start":{"line":18,"column":4},"end":{"line":26,"column":5}},"type":"if","locations":[{"start":{"line":18,"column":4},"end":{"line":26,"column":5}},{"start":{"line":18,"column":4},"end":{"line":26,"column":5}}],"line":18},"1":{"loc":{"start":{"line":32,"column":4},"end":{"line":34,"column":5}},"type":"if","locations":[{"start":{"line":32,"column":4},"end":{"line":34,"column":5}},{"start":{"line":32,"column":4},"end":{"line":34,"column":5}}],"line":32},"2":{"loc":{"start":{"line":37,"column":4},"end":{"line":44,"column":5}},"type":"if","locations":[{"start":{"line":37,"column":4},"end":{"line":44,"column":5}},{"start":{"line":37,"column":4},"end":{"line":44,"column":5}}],"line":37}},"s":{"0":6,"1":6,"2":5,"3":5,"4":5,"5":6,"6":6,"7":4,"8":4,"9":2,"10":2,"11":2,"12":2,"13":6,"14":6,"15":3,"16":1,"17":2,"18":2,"19":1,"20":1,"21":1,"22":1,"23":1,"24":2,"25":2,"26":1},"f":{"0":6,"1":5,"2":6,"3":3},"b":{"0":[4,2],"1":[1,2],"2":[1,1]},"_coverageSchema":"1a1c01bbd47fc00a2c39e90264f33305004495a9","hash":"30df8a2210795819022cf4358c1c1cf039104fba"}
,"/Users/mainfolder/Desktop/Practices/dailyPractice/practiceFolder/AlgorithmsDataStructures/DataStructures/Tree.js": {"path":"/Users/mainfolder/Desktop/Practices/dailyPractice/practiceFolder/AlgorithmsDataStructures/DataStructures/Tree.js","statementMap":{"0":{"start":{"line":8,"column":4},"end":{"line":8,"column":21}},"1":{"start":{"line":9,"column":4},"end":{"line":9,"column":21}},"2":{"start":{"line":10,"column":4},"end":{"line":10,"column":22}},"3":{"start":{"line":16,"column":4},"end":{"line":16,"column":21}},"4":{"start":{"line":20,"column":15},"end":{"line":20,"column":30}},"5":{"start":{"line":21,"column":4},"end":{"line":43,"column":5}},"6":{"start":{"line":22,"column":6},"end":{"line":22,"column":23}},"7":{"start":{"line":23,"column":6},"end":{"line":23,"column":18}},"8":{"start":{"line":25,"column":20},"end":{"line":25,"column":29}},"9":{"start":{"line":26,"column":6},"end":{"line":42,"column":7}},"10":{"start":{"line":27,"column":8},"end":{"line":41,"column":9}},"11":{"start":{"line":28,"column":10},"end":{"line":33,"column":11}},"12":{"start":{"line":29,"column":12},"end":{"line":29,"column":32}},"13":{"start":{"line":30,"column":12},"end":{"line":30,"column":24}},"14":{"start":{"line":32,"column":12},"end":{"line":32,"column":35}},"15":{"start":{"line":35,"column":10},"end":{"line":40,"column":11}},"16":{"start":{"line":36,"column":12},"end":{"line":36,"column":33}},"17":{"start":{"line":37,"column":12},"end":{"line":37,"column":24}},"18":{"start":{"line":39,"column":12},"end":{"line":39,"column":36}},"19":{"start":{"line":72,"column":4},"end":{"line":74,"column":5}},"20":{"start":{"line":73,"column":6},"end":{"line":73,"column":19}},"21":{"start":{"line":76,"column":22},"end":{"line":76,"column":31}},"22":{"start":{"line":77,"column":4},"end":{"line":85,"column":5}},"23":{"start":{"line":78,"column":6},"end":{"line":84,"column":7}},"24":{"start":{"line":79,"column":8},"end":{"line":79,"column":39}},"25":{"start":{"line":80,"column":13},"end":{"line":84,"column":7}},"26":{"start":{"line":81,"column":8},"end":{"line":81,"column":40}},"27":{"start":{"line":83,"column":8},"end":{"line":83,"column":20}},"28":{"start":{"line":86,"column":4},"end":{"line":86,"column":17}},"29":{"start":{"line":90,"column":11},"end":{"line":90,"column":20}},"30":{"start":{"line":91,"column":0},"end":{"line":91,"column":15}},"31":{"start":{"line":92,"column":0},"end":{"line":92,"column":15}},"32":{"start":{"line":93,"column":0},"end":{"line":93,"column":27}},"33":{"start":{"line":95,"column":0},"end":{"line":95,"column":21}}},"fnMap":{"0":{"name":"(anonymous_0)","decl":{"start":{"line":7,"column":2},"end":{"line":7,"column":3}},"loc":{"start":{"line":7,"column":21},"end":{"line":11,"column":3}},"line":7},"1":{"name":"(anonymous_1)","decl":{"start":{"line":15,"column":2},"end":{"line":15,"column":3}},"loc":{"start":{"line":15,"column":16},"end":{"line":17,"column":3}},"line":15},"2":{"name":"(anonymous_2)","decl":{"start":{"line":19,"column":2},"end":{"line":19,"column":3}},"loc":{"start":{"line":19,"column":16},"end":{"line":44,"column":3}},"line":19},"3":{"name":"(anonymous_3)","decl":{"start":{"line":46,"column":2},"end":{"line":46,"column":3}},"loc":{"start":{"line":46,"column":14},"end":{"line":87,"column":3}},"line":46}},"branchMap":{"0":{"loc":{"start":{"line":21,"column":4},"end":{"line":43,"column":5}},"type":"if","locations":[{"start":{"line":21,"column":4},"end":{"line":43,"column":5}},{"start":{"line":21,"column":4},"end":{"line":43,"column":5}}],"line":21},"1":{"loc":{"start":{"line":27,"column":8},"end":{"line":41,"column":9}},"type":"if","locations":[{"start":{"line":27,"column":8},"end":{"line":41,"column":9}},{"start":{"line":27,"column":8},"end":{"line":41,"column":9}}],"line":27},"2":{"loc":{"start":{"line":28,"column":10},"end":{"line":33,"column":11}},"type":"if","locations":[{"start":{"line":28,"column":10},"end":{"line":33,"column":11}},{"start":{"line":28,"column":10},"end":{"line":33,"column":11}}],"line":28},"3":{"loc":{"start":{"line":35,"column":10},"end":{"line":40,"column":11}},"type":"if","locations":[{"start":{"line":35,"column":10},"end":{"line":40,"column":11}},{"start":{"line":35,"column":10},"end":{"line":40,"column":11}}],"line":35},"4":{"loc":{"start":{"line":72,"column":4},"end":{"line":74,"column":5}},"type":"if","locations":[{"start":{"line":72,"column":4},"end":{"line":74,"column":5}},{"start":{"line":72,"column":4},"end":{"line":74,"column":5}}],"line":72},"5":{"loc":{"start":{"line":78,"column":6},"end":{"line":84,"column":7}},"type":"if","locations":[{"start":{"line":78,"column":6},"end":{"line":84,"column":7}},{"start":{"line":78,"column":6},"end":{"line":84,"column":7}}],"line":78},"6":{"loc":{"start":{"line":80,"column":13},"end":{"line":84,"column":7}},"type":"if","locations":[{"start":{"line":80,"column":13},"end":{"line":84,"column":7}},{"start":{"line":80,"column":13},"end":{"line":84,"column":7}}],"line":80}},"s":{"0":17,"1":17,"2":17,"3":7,"4":17,"5":17,"6":6,"7":6,"8":11,"9":11,"10":15,"11":8,"12":6,"13":6,"14":2,"15":7,"16":5,"17":5,"18":2,"19":9,"20":1,"21":8,"22":8,"23":18,"24":4,"25":14,"26":10,"27":4,"28":4,"29":1,"30":1,"31":1,"32":1,"33":1},"f":{"0":17,"1":7,"2":17,"3":9},"b":{"0":[6,11],"1":[8,7],"2":[6,2],"3":[5,2],"4":[1,8],"5":[4,14],"6":[10,4]},"_coverageSchema":"1a1c01bbd47fc00a2c39e90264f33305004495a9","hash":"607beb94ad5b967c78a4c1bcf6cf8dd715025762"}
}
