{"/Users/mainfolder/Desktop/Practices/dailyPractice/practiceFolder/AlgorithmsDataStructures/DataStructures/LinkedList.js": {"path":"/Users/mainfolder/Desktop/Practices/dailyPractice/practiceFolder/AlgorithmsDataStructures/DataStructures/LinkedList.js","statementMap":{"0":{"start":{"line":3,"column":4},"end":{"line":3,"column":23}},"1":{"start":{"line":4,"column":4},"end":{"line":4,"column":21}},"2":{"start":{"line":10,"column":4},"end":{"line":10,"column":21}},"3":{"start":{"line":11,"column":4},"end":{"line":11,"column":20}},"4":{"start":{"line":15,"column":20},"end":{"line":15,"column":45}},"5":{"start":{"line":16,"column":4},"end":{"line":16,"column":24}},"6":{"start":{"line":17,"column":4},"end":{"line":17,"column":18}},"7":{"start":{"line":21,"column":4},"end":{"line":23,"column":5}},"8":{"start":{"line":22,"column":6},"end":{"line":22,"column":18}},"9":{"start":{"line":25,"column":18},"end":{"line":25,"column":27}},"10":{"start":{"line":26,"column":4},"end":{"line":28,"column":5}},"11":{"start":{"line":26,"column":17},"end":{"line":26,"column":18}},"12":{"start":{"line":27,"column":6},"end":{"line":27,"column":29}},"13":{"start":{"line":29,"column":4},"end":{"line":29,"column":19}},"14":{"start":{"line":33,"column":4},"end":{"line":33,"column":23}},"15":{"start":{"line":37,"column":17},"end":{"line":37,"column":19}},"16":{"start":{"line":38,"column":18},"end":{"line":38,"column":27}},"17":{"start":{"line":39,"column":4},"end":{"line":42,"column":5}},"18":{"start":{"line":40,"column":6},"end":{"line":40,"column":46}},"19":{"start":{"line":41,"column":6},"end":{"line":41,"column":29}},"20":{"start":{"line":43,"column":4},"end":{"line":43,"column":33}},"21":{"start":{"line":47,"column":18},"end":{"line":47,"column":27}},"22":{"start":{"line":49,"column":4},"end":{"line":55,"column":5}},"23":{"start":{"line":49,"column":17},"end":{"line":49,"column":18}},"24":{"start":{"line":50,"column":6},"end":{"line":54,"column":7}},"25":{"start":{"line":51,"column":8},"end":{"line":51,"column":20}},"26":{"start":{"line":53,"column":8},"end":{"line":53,"column":31}},"27":{"start":{"line":56,"column":4},"end":{"line":56,"column":17}},"28":{"start":{"line":60,"column":4},"end":{"line":62,"column":5}},"29":{"start":{"line":61,"column":6},"end":{"line":61,"column":18}},"30":{"start":{"line":63,"column":18},"end":{"line":63,"column":32}},"31":{"start":{"line":64,"column":18},"end":{"line":64,"column":33}},"32":{"start":{"line":65,"column":4},"end":{"line":65,"column":24}},"33":{"start":{"line":66,"column":4},"end":{"line":66,"column":18}},"34":{"start":{"line":67,"column":4},"end":{"line":67,"column":19}},"35":{"start":{"line":71,"column":4},"end":{"line":73,"column":5}},"36":{"start":{"line":72,"column":6},"end":{"line":72,"column":18}},"37":{"start":{"line":75,"column":15},"end":{"line":75,"column":41}},"38":{"start":{"line":76,"column":16},"end":{"line":76,"column":42}},"39":{"start":{"line":77,"column":4},"end":{"line":77,"column":35}},"40":{"start":{"line":77,"column":23},"end":{"line":77,"column":35}},"41":{"start":{"line":78,"column":4},"end":{"line":78,"column":22}},"42":{"start":{"line":79,"column":4},"end":{"line":79,"column":18}},"43":{"start":{"line":83,"column":4},"end":{"line":85,"column":5}},"44":{"start":{"line":84,"column":6},"end":{"line":84,"column":28}},"45":{"start":{"line":88,"column":15},"end":{"line":88,"column":41}},"46":{"start":{"line":89,"column":4},"end":{"line":91,"column":5}},"47":{"start":{"line":90,"column":6},"end":{"line":90,"column":18}},"48":{"start":{"line":93,"column":4},"end":{"line":93,"column":43}},"49":{"start":{"line":94,"column":4},"end":{"line":94,"column":18}},"50":{"start":{"line":98,"column":0},"end":{"line":104,"column":2}},"51":{"start":{"line":99,"column":13},"end":{"line":99,"column":29}},"52":{"start":{"line":100,"column":2},"end":{"line":102,"column":3}},"53":{"start":{"line":100,"column":15},"end":{"line":100,"column":32}},"54":{"start":{"line":101,"column":4},"end":{"line":101,"column":28}},"55":{"start":{"line":103,"column":2},"end":{"line":103,"column":12}},"56":{"start":{"line":106,"column":0},"end":{"line":106,"column":28}}},"fnMap":{"0":{"name":"(anonymous_0)","decl":{"start":{"line":2,"column":2},"end":{"line":2,"column":3}},"loc":{"start":{"line":2,"column":27},"end":{"line":5,"column":3}},"line":2},"1":{"name":"(anonymous_1)","decl":{"start":{"line":9,"column":2},"end":{"line":9,"column":3}},"loc":{"start":{"line":9,"column":16},"end":{"line":12,"column":3}},"line":9},"2":{"name":"(anonymous_2)","decl":{"start":{"line":14,"column":2},"end":{"line":14,"column":3}},"loc":{"start":{"line":14,"column":18},"end":{"line":18,"column":3}},"line":14},"3":{"name":"(anonymous_3)","decl":{"start":{"line":20,"column":2},"end":{"line":20,"column":3}},"loc":{"start":{"line":20,"column":20},"end":{"line":30,"column":3}},"line":20},"4":{"name":"(anonymous_4)","decl":{"start":{"line":32,"column":2},"end":{"line":32,"column":3}},"loc":{"start":{"line":32,"column":9},"end":{"line":34,"column":3}},"line":32},"5":{"name":"(anonymous_5)","decl":{"start":{"line":36,"column":2},"end":{"line":36,"column":3}},"loc":{"start":{"line":36,"column":10},"end":{"line":44,"column":3}},"line":36},"6":{"name":"(anonymous_6)","decl":{"start":{"line":46,"column":2},"end":{"line":46,"column":3}},"loc":{"start":{"line":46,"column":20},"end":{"line":57,"column":3}},"line":46},"7":{"name":"(anonymous_7)","decl":{"start":{"line":59,"column":2},"end":{"line":59,"column":3}},"loc":{"start":{"line":59,"column":15},"end":{"line":68,"column":3}},"line":59},"8":{"name":"(anonymous_8)","decl":{"start":{"line":70,"column":2},"end":{"line":70,"column":3}},"loc":{"start":{"line":70,"column":23},"end":{"line":80,"column":3}},"line":70},"9":{"name":"(anonymous_9)","decl":{"start":{"line":82,"column":2},"end":{"line":82,"column":3}},"loc":{"start":{"line":82,"column":30},"end":{"line":95,"column":3}},"line":82},"10":{"name":"(anonymous_10)","decl":{"start":{"line":98,"column":30},"end":{"line":98,"column":31}},"loc":{"start":{"line":98,"column":45},"end":{"line":104,"column":1}},"line":98}},"branchMap":{"0":{"loc":{"start":{"line":21,"column":4},"end":{"line":23,"column":5}},"type":"if","locations":[{"start":{"line":21,"column":4},"end":{"line":23,"column":5}},{"start":{"line":21,"column":4},"end":{"line":23,"column":5}}],"line":21},"1":{"loc":{"start":{"line":21,"column":8},"end":{"line":21,"column":41}},"type":"binary-expr","locations":[{"start":{"line":21,"column":8},"end":{"line":21,"column":17}},{"start":{"line":21,"column":21},"end":{"line":21,"column":41}}],"line":21},"2":{"loc":{"start":{"line":50,"column":6},"end":{"line":54,"column":7}},"type":"if","locations":[{"start":{"line":50,"column":6},"end":{"line":54,"column":7}},{"start":{"line":50,"column":6},"end":{"line":54,"column":7}}],"line":50},"3":{"loc":{"start":{"line":60,"column":4},"end":{"line":62,"column":5}},"type":"if","locations":[{"start":{"line":60,"column":4},"end":{"line":62,"column":5}},{"start":{"line":60,"column":4},"end":{"line":62,"column":5}}],"line":60},"4":{"loc":{"start":{"line":71,"column":4},"end":{"line":73,"column":5}},"type":"if","locations":[{"start":{"line":71,"column":4},"end":{"line":73,"column":5}},{"start":{"line":71,"column":4},"end":{"line":73,"column":5}}],"line":71},"5":{"loc":{"start":{"line":71,"column":8},"end":{"line":71,"column":40}},"type":"binary-expr","locations":[{"start":{"line":71,"column":8},"end":{"line":71,"column":17}},{"start":{"line":71,"column":21},"end":{"line":71,"column":40}}],"line":71},"6":{"loc":{"start":{"line":77,"column":4},"end":{"line":77,"column":35}},"type":"if","locations":[{"start":{"line":77,"column":4},"end":{"line":77,"column":35}},{"start":{"line":77,"column":4},"end":{"line":77,"column":35}}],"line":77},"7":{"loc":{"start":{"line":83,"column":4},"end":{"line":85,"column":5}},"type":"if","locations":[{"start":{"line":83,"column":4},"end":{"line":85,"column":5}},{"start":{"line":83,"column":4},"end":{"line":85,"column":5}}],"line":83},"8":{"loc":{"start":{"line":89,"column":4},"end":{"line":91,"column":5}},"type":"if","locations":[{"start":{"line":89,"column":4},"end":{"line":91,"column":5}},{"start":{"line":89,"column":4},"end":{"line":91,"column":5}}],"line":89}},"s":{"0":50,"1":50,"2":14,"3":14,"4":49,"5":49,"6":49,"7":19,"8":9,"9":10,"10":10,"11":10,"12":9,"13":10,"14":1,"15":2,"16":2,"17":2,"18":5,"19":5,"20":2,"21":3,"22":3,"23":3,"24":7,"25":2,"26":5,"27":1,"28":3,"29":1,"30":2,"31":2,"32":2,"33":2,"34":2,"35":3,"36":1,"37":2,"38":2,"39":2,"40":0,"41":2,"42":2,"43":4,"44":1,"45":4,"46":4,"47":3,"48":1,"49":1,"50":1,"51":9,"52":9,"53":9,"54":36,"55":9,"56":1},"f":{"0":50,"1":14,"2":49,"3":19,"4":1,"5":2,"6":3,"7":3,"8":3,"9":4,"10":9},"b":{"0":[9,10],"1":[19,14],"2":[2,5],"3":[1,2],"4":[1,2],"5":[3,3],"6":[0,2],"7":[1,3],"8":[3,1]},"_coverageSchema":"1a1c01bbd47fc00a2c39e90264f33305004495a9","hash":"08bcd6a7571b7510ed8935e31523327d1de76df7"}
}
