TN:
SF:AlgorithmsDataStructures/DataStructures/LinkedList.js
FN:2,(anonymous_0)
FN:9,(anonymous_1)
FN:14,(anonymous_2)
FN:20,(anonymous_3)
FN:32,(anonymous_4)
FN:36,(anonymous_5)
FN:46,(anonymous_6)
FN:59,(anonymous_7)
FN:70,(anonymous_8)
FN:81,(anonymous_9)
FN:96,(anonymous_10)
FN:104,(anonymous_11)
FN:121,(anonymous_12)
FNF:13
FNH:13
FNDA:64,(anonymous_0)
FNDA:18,(anonymous_1)
FNDA:61,(anonymous_2)
FNDA:22,(anonymous_3)
FNDA:1,(anonymous_4)
FNDA:6,(anonymous_5)
FNDA:3,(anonymous_6)
FNDA:3,(anonymous_7)
FNDA:3,(anonymous_8)
FNDA:4,(anonymous_9)
FNDA:2,(anonymous_10)
FNDA:1,(anonymous_11)
FNDA:12,(anonymous_12)
DA:3,64
DA:4,64
DA:10,18
DA:11,18
DA:15,61
DA:16,61
DA:17,61
DA:21,22
DA:22,9
DA:25,13
DA:26,13
DA:27,13
DA:29,13
DA:33,1
DA:37,6
DA:38,6
DA:39,6
DA:40,19
DA:41,19
DA:43,6
DA:47,3
DA:49,3
DA:50,7
DA:51,2
DA:53,5
DA:56,1
DA:60,3
DA:61,1
DA:63,2
DA:64,2
DA:65,2
DA:66,2
DA:67,2
DA:71,3
DA:72,1
DA:75,2
DA:76,2
DA:77,2
DA:78,2
DA:82,4
DA:83,1
DA:87,4
DA:88,4
DA:89,3
DA:92,1
DA:93,1
DA:97,2
DA:98,1
DA:100,2
DA:101,2
DA:105,1
DA:106,1
DA:107,1
DA:108,1
DA:109,1
DA:110,1
DA:111,4
DA:112,4
DA:113,4
DA:114,4
DA:116,1
DA:121,1
DA:122,12
DA:123,12
DA:124,47
DA:126,12
DA:129,1
DA:130,1
DA:134,1
LF:69
LH:69
BRDA:2,0,0,2
BRDA:21,1,0,9
BRDA:21,1,1,13
BRDA:21,2,0,22
BRDA:21,2,1,17
BRDA:50,3,0,2
BRDA:50,3,1,5
BRDA:60,4,0,1
BRDA:60,4,1,2
BRDA:71,5,0,1
BRDA:71,5,1,2
BRDA:71,6,0,3
BRDA:71,6,1,3
BRDA:82,7,0,1
BRDA:82,7,1,3
BRDA:88,8,0,3
BRDA:88,8,1,1
BRDA:97,9,0,1
BRDA:97,9,1,1
BRF:19
BRH:19
end_of_record
