TN:
SF:AlgorithmsDataStructures/DataStructures/DoublyLinkedList.js
FN:2,(anonymous_0)
FN:10,(anonymous_1)
FN:16,(anonymous_2)
FN:31,(anonymous_3)
FN:47,(anonymous_4)
FN:64,(anonymous_5)
FN:78,(anonymous_6)
FNF:7
FNH:7
FNDA:22,(anonymous_0)
FNDA:11,(anonymous_1)
FNDA:17,(anonymous_2)
FNDA:4,(anonymous_3)
FNDA:3,(anonymous_4)
FNDA:5,(anonymous_5)
FNDA:6,(anonymous_6)
DA:3,22
DA:4,22
DA:5,22
DA:11,11
DA:12,11
DA:13,11
DA:17,17
DA:19,17
DA:20,9
DA:21,9
DA:23,8
DA:24,8
DA:25,8
DA:27,17
DA:28,17
DA:32,4
DA:33,1
DA:35,3
DA:36,3
DA:37,2
DA:38,2
DA:40,1
DA:41,1
DA:43,3
DA:44,3
DA:48,3
DA:49,1
DA:52,2
DA:53,2
DA:54,1
DA:55,1
DA:57,1
DA:58,1
DA:59,1
DA:61,2
DA:62,2
DA:65,5
DA:66,5
DA:67,2
DA:68,2
DA:70,3
DA:71,3
DA:72,3
DA:74,5
DA:75,5
DA:79,6
DA:80,1
DA:81,5
DA:82,1
DA:83,4
DA:84,1
DA:87,3
DA:88,2
DA:89,2
DA:90,2
DA:91,3
DA:92,3
DA:94,2
DA:96,1
DA:97,1
DA:98,1
DA:99,1
DA:100,1
DA:102,1
DA:107,1
DA:108,1
DA:109,1
DA:110,1
DA:111,1
DA:112,1
DA:113,1
DA:115,1
LF:72
LH:72
BRDA:2,0,0,22
BRDA:2,1,0,22
BRDA:19,2,0,9
BRDA:19,2,1,8
BRDA:32,3,0,1
BRDA:32,3,1,3
BRDA:36,4,0,2
BRDA:36,4,1,1
BRDA:48,5,0,1
BRDA:48,5,1,2
BRDA:53,6,0,1
BRDA:53,6,1,1
BRDA:66,7,0,2
BRDA:66,7,1,3
BRDA:79,8,0,1
BRDA:79,8,1,5
BRDA:79,9,0,6
BRDA:79,9,1,5
BRDA:81,10,0,1
BRDA:81,10,1,4
BRDA:83,11,0,1
BRDA:83,11,1,3
BRDA:87,12,0,2
BRDA:87,12,1,1
BRF:24
BRH:24
end_of_record
TN:
SF:AlgorithmsDataStructures/DataStructures/LinkedList.js
FN:2,(anonymous_0)
FN:9,(anonymous_1)
FN:14,(anonymous_2)
FN:20,(anonymous_3)
FN:32,(anonymous_4)
FN:36,(anonymous_5)
FN:46,(anonymous_6)
FN:59,(anonymous_7)
FN:70,(anonymous_8)
FN:81,(anonymous_9)
FN:96,(anonymous_10)
FN:104,(anonymous_11)
FN:121,(anonymous_12)
FNF:13
FNH:13
FNDA:59,(anonymous_0)
FNDA:17,(anonymous_1)
FNDA:56,(anonymous_2)
FNDA:22,(anonymous_3)
FNDA:1,(anonymous_4)
FNDA:5,(anonymous_5)
FNDA:3,(anonymous_6)
FNDA:3,(anonymous_7)
FNDA:3,(anonymous_8)
FNDA:4,(anonymous_9)
FNDA:2,(anonymous_10)
FNDA:1,(anonymous_11)
FNDA:11,(anonymous_12)
DA:3,59
DA:4,59
DA:10,17
DA:11,17
DA:15,56
DA:16,56
DA:17,56
DA:21,22
DA:22,9
DA:25,13
DA:26,13
DA:27,13
DA:29,13
DA:33,1
DA:37,5
DA:38,5
DA:39,5
DA:40,14
DA:41,14
DA:43,5
DA:47,3
DA:49,3
DA:50,7
DA:51,2
DA:53,5
DA:56,1
DA:60,3
DA:61,1
DA:63,2
DA:64,2
DA:65,2
DA:66,2
DA:67,2
DA:71,3
DA:72,1
DA:75,2
DA:76,2
DA:77,2
DA:78,2
DA:82,4
DA:83,1
DA:87,4
DA:88,4
DA:89,3
DA:92,1
DA:93,1
DA:97,2
DA:98,1
DA:100,2
DA:101,2
DA:105,1
DA:106,1
DA:107,1
DA:108,1
DA:109,1
DA:110,1
DA:111,4
DA:112,4
DA:113,4
DA:114,4
DA:116,1
DA:121,1
DA:122,11
DA:123,11
DA:124,42
DA:126,11
DA:129,1
LF:67
LH:67
BRDA:2,0,0,2
BRDA:21,1,0,9
BRDA:21,1,1,13
BRDA:21,2,0,22
BRDA:21,2,1,17
BRDA:50,3,0,2
BRDA:50,3,1,5
BRDA:60,4,0,1
BRDA:60,4,1,2
BRDA:71,5,0,1
BRDA:71,5,1,2
BRDA:71,6,0,3
BRDA:71,6,1,3
BRDA:82,7,0,1
BRDA:82,7,1,3
BRDA:88,8,0,3
BRDA:88,8,1,1
BRDA:97,9,0,1
BRDA:97,9,1,1
BRF:19
BRH:19
end_of_record
